E:\PI REL. 2.6.2125.0\REL. 2.6.2125.0\SDK\SAMPLES VC++ .NET\START MULTIIPC2\CONTACTLIST\DEBUG\.NETFRAMEWORK,VERSION=V4.0.ASSEMBLYATTRIBUTES.OBJ
E:\PI REL. 2.6.2125.0\REL. 2.6.2125.0\SDK\SAMPLES VC++ .NET\START MULTIIPC2\CONTACTLIST\DEBUG\APP.RES
E:\PI REL. 2.6.2125.0\REL. 2.6.2125.0\SDK\SAMPLES VC++ .NET\START MULTIIPC2\CONTACTLIST\DEBUG\ASSEMBLYINFO.OBJ
E:\PI Rel. 2.6.2125.0\Rel. 2.6.2125.0\SDK\Samples VC++ .net\Start MultiIPC2\ContactList\Debug\cl.command.1.tlog
E:\PI Rel. 2.6.2125.0\Rel. 2.6.2125.0\SDK\Samples VC++ .net\Start MultiIPC2\ContactList\Debug\CL.read.1.tlog
E:\PI Rel. 2.6.2125.0\Rel. 2.6.2125.0\SDK\Samples VC++ .net\Start MultiIPC2\ContactList\Debug\CL.write.1.tlog
E:\PI REL. 2.6.2125.0\REL. 2.6.2125.0\SDK\SAMPLES VC++ .NET\START MULTIIPC2\CONTACTLIST\DEBUG\CONTACTLIST.EXE.INTERMEDIATE.MANIFEST
E:\PI REL. 2.6.2125.0\REL. 2.6.2125.0\SDK\SAMPLES VC++ .NET\START MULTIIPC2\CONTACTLIST\DEBUG\CONTACTLIST.FORM1.RESOURCES
E:\PI REL. 2.6.2125.0\REL. 2.6.2125.0\SDK\SAMPLES VC++ .NET\START MULTIIPC2\CONTACTLIST\DEBUG\CONTACTLIST.OBJ
E:\PI REL. 2.6.2125.0\REL. 2.6.2125.0\SDK\SAMPLES VC++ .NET\START MULTIIPC2\CONTACTLIST\DEBUG\CONTACTLIST.PCH
E:\PI Rel. 2.6.2125.0\Rel. 2.6.2125.0\SDK\Samples VC++ .net\Start MultiIPC2\ContactList\Debug\ContactList.write.1.tlog
E:\PI Rel. 2.6.2125.0\Rel. 2.6.2125.0\SDK\Samples VC++ .net\Start MultiIPC2\ContactList\Debug\GenerateResource.read.202.tlog
E:\PI Rel. 2.6.2125.0\Rel. 2.6.2125.0\SDK\Samples VC++ .net\Start MultiIPC2\ContactList\Debug\GenerateResource.write.202.tlog
E:\PI Rel. 2.6.2125.0\Rel. 2.6.2125.0\SDK\Samples VC++ .net\Start MultiIPC2\ContactList\Debug\link.6572.read.1.tlog
E:\PI Rel. 2.6.2125.0\Rel. 2.6.2125.0\SDK\Samples VC++ .net\Start MultiIPC2\ContactList\Debug\link.6572.write.1.tlog
E:\PI Rel. 2.6.2125.0\Rel. 2.6.2125.0\SDK\Samples VC++ .net\Start MultiIPC2\ContactList\Debug\link.6572-cvtres.read.1.tlog
E:\PI Rel. 2.6.2125.0\Rel. 2.6.2125.0\SDK\Samples VC++ .net\Start MultiIPC2\ContactList\Debug\link.6572-cvtres.write.1.tlog
E:\PI Rel. 2.6.2125.0\Rel. 2.6.2125.0\SDK\Samples VC++ .net\Start MultiIPC2\ContactList\Debug\link.command.1.tlog
E:\PI Rel. 2.6.2125.0\Rel. 2.6.2125.0\SDK\Samples VC++ .net\Start MultiIPC2\ContactList\Debug\link.read.1.tlog
E:\PI Rel. 2.6.2125.0\Rel. 2.6.2125.0\SDK\Samples VC++ .net\Start MultiIPC2\ContactList\Debug\link.write.1.tlog
E:\PI Rel. 2.6.2125.0\Rel. 2.6.2125.0\SDK\Samples VC++ .net\Start MultiIPC2\ContactList\Debug\mt.command.1.tlog
E:\PI Rel. 2.6.2125.0\Rel. 2.6.2125.0\SDK\Samples VC++ .net\Start MultiIPC2\ContactList\Debug\mt.read.1.tlog
E:\PI Rel. 2.6.2125.0\Rel. 2.6.2125.0\SDK\Samples VC++ .net\Start MultiIPC2\ContactList\Debug\mt.write.1.tlog
E:\PI Rel. 2.6.2125.0\Rel. 2.6.2125.0\SDK\Samples VC++ .net\Start MultiIPC2\ContactList\Debug\rc.command.1.tlog
E:\PI Rel. 2.6.2125.0\Rel. 2.6.2125.0\SDK\Samples VC++ .net\Start MultiIPC2\ContactList\Debug\rc.read.1.tlog
E:\PI Rel. 2.6.2125.0\Rel. 2.6.2125.0\SDK\Samples VC++ .net\Start MultiIPC2\ContactList\Debug\rc.write.1.tlog
E:\PI REL. 2.6.2125.0\REL. 2.6.2125.0\SDK\SAMPLES VC++ .NET\START MULTIIPC2\CONTACTLIST\DEBUG\STDAFX.OBJ
E:\PI REL. 2.6.2125.0\REL. 2.6.2125.0\SDK\SAMPLES VC++ .NET\START MULTIIPC2\CONTACTLIST\DEBUG\VC100.PDB
E:\PI REL. 2.6.2125.0\REL. 2.6.2125.0\SDK\SAMPLES VC++ .NET\START MULTIIPC2\DEBUG\CONTACTLIST.EXE
E:\PI REL. 2.6.2125.0\REL. 2.6.2125.0\SDK\SAMPLES VC++ .NET\START MULTIIPC2\DEBUG\CONTACTLIST.ILK
E:\PI REL. 2.6.2125.0\REL. 2.6.2125.0\SDK\SAMPLES VC++ .NET\START MULTIIPC2\DEBUG\CONTACTLIST.PDB
