C:\USERS\SHELMYLIN\DOCUMENTS\GITHUB\LIN_TEMPDECTPRO\IPC温度读取\DEBUG\.NETFRAMEWORK,VERSION=V4.0.ASSEMBLYATTRIBUTES.OBJ
C:\USERS\SHELMYLIN\DOCUMENTS\GITHUB\LIN_TEMPDECTPRO\IPC温度读取\DEBUG\APP.RES
C:\USERS\SHELMYLIN\DOCUMENTS\GITHUB\LIN_TEMPDECTPRO\IPC温度读取\DEBUG\ASSEMBLYINFO.OBJ
C:\Users\ShelmyLin\Documents\GitHub\Lin_TempDectPro\IPC温度读取\Debug\cl.command.1.tlog
C:\Users\ShelmyLin\Documents\GitHub\Lin_TempDectPro\IPC温度读取\Debug\CL.read.1.tlog
C:\Users\ShelmyLin\Documents\GitHub\Lin_TempDectPro\IPC温度读取\Debug\CL.write.1.tlog
C:\USERS\SHELMYLIN\DOCUMENTS\GITHUB\LIN_TEMPDECTPRO\IPC温度读取\DEBUG\FORMIMAGER.OBJ
C:\USERS\SHELMYLIN\DOCUMENTS\GITHUB\LIN_TEMPDECTPRO\IPC温度读取\DEBUG\FORMMULTI.OBJ
C:\Users\ShelmyLin\Documents\GitHub\Lin_TempDectPro\IPC温度读取\Debug\GenerateResource.read.190.tlog
C:\Users\ShelmyLin\Documents\GitHub\Lin_TempDectPro\IPC温度读取\Debug\GenerateResource.write.190.tlog
C:\USERS\SHELMYLIN\DOCUMENTS\GITHUB\LIN_TEMPDECTPRO\IPC温度读取\DEBUG\IPCSAMPLE.FORMIMAGER.RESOURCES
C:\USERS\SHELMYLIN\DOCUMENTS\GITHUB\LIN_TEMPDECTPRO\IPC温度读取\DEBUG\IPCSAMPLE.FORMMULTI.RESOURCES
C:\USERS\SHELMYLIN\DOCUMENTS\GITHUB\LIN_TEMPDECTPRO\IPC温度读取\DEBUG\IPCSAMPLE.SETFORM.RESOURCES
C:\Users\ShelmyLin\Documents\GitHub\Lin_TempDectPro\IPC温度读取\Debug\link.9556.read.1.tlog
C:\Users\ShelmyLin\Documents\GitHub\Lin_TempDectPro\IPC温度读取\Debug\link.9556.write.1.tlog
C:\Users\ShelmyLin\Documents\GitHub\Lin_TempDectPro\IPC温度读取\Debug\link.9556-cvtres.read.1.tlog
C:\Users\ShelmyLin\Documents\GitHub\Lin_TempDectPro\IPC温度读取\Debug\link.9556-cvtres.write.1.tlog
C:\Users\ShelmyLin\Documents\GitHub\Lin_TempDectPro\IPC温度读取\Debug\link.command.1.tlog
C:\Users\ShelmyLin\Documents\GitHub\Lin_TempDectPro\IPC温度读取\Debug\link.read.1.tlog
C:\Users\ShelmyLin\Documents\GitHub\Lin_TempDectPro\IPC温度读取\Debug\link.write.1.tlog
C:\USERS\SHELMYLIN\DOCUMENTS\GITHUB\LIN_TEMPDECTPRO\IPC温度读取\DEBUG\MAIN.OBJ
C:\Users\ShelmyLin\Documents\GitHub\Lin_TempDectPro\IPC温度读取\Debug\mt.command.1.tlog
C:\Users\ShelmyLin\Documents\GitHub\Lin_TempDectPro\IPC温度读取\Debug\mt.read.1.tlog
C:\Users\ShelmyLin\Documents\GitHub\Lin_TempDectPro\IPC温度读取\Debug\mt.write.1.tlog
C:\Users\ShelmyLin\Documents\GitHub\Lin_TempDectPro\IPC温度读取\Debug\rc.command.1.tlog
C:\Users\ShelmyLin\Documents\GitHub\Lin_TempDectPro\IPC温度读取\Debug\rc.read.1.tlog
C:\Users\ShelmyLin\Documents\GitHub\Lin_TempDectPro\IPC温度读取\Debug\rc.write.1.tlog
C:\USERS\SHELMYLIN\DOCUMENTS\GITHUB\LIN_TEMPDECTPRO\IPC温度读取\DEBUG\SETFORM.OBJ
C:\USERS\SHELMYLIN\DOCUMENTS\GITHUB\LIN_TEMPDECTPRO\IPC温度读取\DEBUG\START MULTIIPC2.EXE
C:\USERS\SHELMYLIN\DOCUMENTS\GITHUB\LIN_TEMPDECTPRO\IPC温度读取\DEBUG\START MULTIIPC2.EXE.INTERMEDIATE.MANIFEST
C:\USERS\SHELMYLIN\DOCUMENTS\GITHUB\LIN_TEMPDECTPRO\IPC温度读取\DEBUG\START MULTIIPC2.ILK
C:\USERS\SHELMYLIN\DOCUMENTS\GITHUB\LIN_TEMPDECTPRO\IPC温度读取\DEBUG\START MULTIIPC2.PDB
C:\Users\ShelmyLin\Documents\GitHub\Lin_TempDectPro\IPC温度读取\Debug\Start MultiIPC2.vcxproj.ResolveComReference.cache
C:\Users\ShelmyLin\Documents\GitHub\Lin_TempDectPro\IPC温度读取\Debug\Start MultiIPC2.write.1.tlog
C:\USERS\SHELMYLIN\DOCUMENTS\GITHUB\LIN_TEMPDECTPRO\IPC温度读取\DEBUG\VC100.PDB
